Hmm ... looks like a package

This is pdfTeX, Version 3.1415926-2.5-1.40.14 (TeX Live 2013)
 restricted \write18 enabled.
entering extended mode

(/private/var/folders/_g/1rj9klc51d38xw315cpvv4fr0000gn/T/RtmpF3G4Xf/Rd2pdf5313
76a36ffb/Rd2.tex
LaTeX2e <2011/06/27>
Babel <3.9f> and hyphenation patterns for 78 languages loaded.

(/usr/local/texlive/2013/texmf-dist/tex/latex/base/book.cls
Document Class: book 2007/10/19 v1.4h Standard LaTeX document class
(/usr/local/texlive/2013/texmf-dist/tex/latex/base/bk10.clo))
(/Library/Frameworks/R.framework/Resources/share/texmf/tex/latex/Rd.sty
(/usr/local/texlive/2013/texmf-dist/tex/latex/base/ifthen.sty)
(/usr/local/texlive/2013/texmf-dist/tex/latex/tools/longtable.sty)
(/usr/local/texlive/2013/texmf-dist/tex/latex/tools/bm.sty)
(/usr/local/texlive/2013/texmf-dist/tex/latex/base/alltt.sty)
(/usr/local/texlive/2013/texmf-dist/tex/latex/tools/verbatim.sty)
(/usr/local/texlive/2013/texmf-dist/tex/latex/url/url.sty)
(/usr/local/texlive/2013/texmf-dist/tex/latex/base/textcomp.sty
(/usr/local/texlive/2013/texmf-dist/tex/latex/base/ts1enc.def))
(/usr/local/texlive/2013/texmf-dist/tex/latex/base/fontenc.sty
(/usr/local/texlive/2013/texmf-dist/tex/latex/base/t1enc.def))
(/usr/local/texlive/2013/texmf-dist/tex/latex/psnfss/times.sty)
(/usr/local/texlive/2013/texmf-dist/tex/latex/inconsolata/inconsolata.sty
(/usr/local/texlive/2013/texmf-dist/tex/latex/graphics/keyval.sty))
(/usr/local/texlive/2013/texmf-dist/tex/latex/graphics/color.sty
(/usr/local/texlive/2013/texmf-dist/tex/latex/latexconfig/color.cfg)
(/usr/local/texlive/2013/texmf-dist/tex/latex/pdftex-def/pdftex.def
(/usr/local/texlive/2013/texmf-dist/tex/generic/oberdiek/infwarerr.sty)
(/usr/local/texlive/2013/texmf-dist/tex/generic/oberdiek/ltxcmds.sty)))
(/usr/local/texlive/2013/texmf-dist/tex/latex/hyperref/hyperref.sty
(/usr/local/texlive/2013/texmf-dist/tex/generic/oberdiek/hobsub-hyperref.sty
(/usr/local/texlive/2013/texmf-dist/tex/generic/oberdiek/hobsub-generic.sty))
(/usr/local/texlive/2013/texmf-dist/tex/generic/ifxetex/ifxetex.sty)
(/usr/local/texlive/2013/texmf-dist/tex/latex/oberdiek/auxhook.sty)
(/usr/local/texlive/2013/texmf-dist/tex/latex/oberdiek/kvoptions.sty)
(/usr/local/texlive/2013/texmf-dist/tex/latex/hyperref/pd1enc.def)
(/usr/local/texlive/2013/texmf-dist/tex/latex/latexconfig/hyperref.cfg))

Package hyperref Message: Driver (autodetected): hpdftex.

(/usr/local/texlive/2013/texmf-dist/tex/latex/hyperref/hpdftex.def
(/usr/local/texlive/2013/texmf-dist/tex/latex/oberdiek/rerunfilecheck.sty))

Package hyperref Warning: Option `hyperindex' has already been used,
(hyperref)                setting the option has no effect on input line 361.


Package hyperref Warning: Option `pagebackref' has already been used,
(hyperref)                setting the option has no effect on input line 361.

) (/usr/local/texlive/2013/texmf-dist/tex/latex/base/makeidx.sty)
(/usr/local/texlive/2013/texmf-dist/tex/latex/base/inputenc.sty
(/usr/local/texlive/2013/texmf-dist/tex/latex/base/utf8.def
(/usr/local/texlive/2013/texmf-dist/tex/latex/base/t1enc.dfu)
(/usr/local/texlive/2013/texmf-dist/tex/latex/base/ot1enc.dfu)
(/usr/local/texlive/2013/texmf-dist/tex/latex/base/omsenc.dfu)
(/usr/local/texlive/2013/texmf-dist/tex/latex/base/ts1enc.dfu))
(/usr/local/texlive/2013/texmf-dist/tex/latex/base/latin1.def))
Writing index file Rd2.idx
No file Rd2.aux.
(/usr/local/texlive/2013/texmf-dist/tex/latex/base/ts1cmr.fd)
(/usr/local/texlive/2013/texmf-dist/tex/latex/psnfss/t1ptm.fd)
(/usr/local/texlive/2013/texmf-dist/tex/context/base/supp-pdf.mkii
[Loading MPS to PDF converter (version 2006.09.02).]
) (/usr/local/texlive/2013/texmf-dist/tex/latex/hyperref/nameref.sty
(/usr/local/texlive/2013/texmf-dist/tex/generic/oberdiek/gettitlestring.sty))
(/usr/local/texlive/2013/texmf-dist/tex/latex/inconsolata/t1fi4.fd)
(/usr/local/texlive/2013/texmf-dist/tex/latex/psnfss/t1phv.fd)
(/usr/local/texlive/2013/texmf-dist/tex/latex/base/utf8.def) [1{/usr/local/texl
ive/2013/texmf-var/fonts/map/pdftex/updmap/pdftex.map}]
(/usr/local/texlive/2013/texmf-dist/tex/latex/base/utf8.def)
(/usr/local/texlive/2013/texmf-dist/tex/latex/psnfss/ts1ptm.fd)
(/usr/local/texlive/2013/texmf-dist/tex/latex/base/utf8.def)
Overfull \hbox (16.45854pt too wide) in paragraph at lines 104--106
[]\T1/ptm/m/n/10 a char-ac-ter vec-tor con-tain-ing one or more taxa, with-out 
au-thors see [][]\T1/fi4/m/n/10 remove.authors[][][]
[2]
Overfull \hbox (9.09712pt too wide) in paragraph at lines 122--127
\T1/ptm/m/n/10 tific.name", "ac-cepted.name", "fam-ily", "genus", "spe-cific.ep
iteth", "in-fra.epiteth",
(/usr/local/texlive/2013/texmf-dist/tex/latex/base/utf8.def)
(/usr/local/texlive/2013/texmf-dist/tex/latex/base/utf8.def) [3]
(/usr/local/texlive/2013/texmf-dist/tex/latex/base/utf8.def)
(/usr/local/texlive/2013/texmf-dist/tex/latex/base/utf8.def) [4]
(/usr/local/texlive/2013/texmf-dist/tex/latex/base/utf8.def)
(/usr/local/texlive/2013/texmf-dist/tex/latex/base/utf8.def) [5]
Overfull \hbox (0.61818pt too wide) in paragraph at lines 314--317
[]\T1/ptm/m/n/10 a nu-meric value in-di-cat-ing how con-ser-va-tive the func-ti
on should be when search-
(/usr/local/texlive/2013/texmf-dist/tex/latex/base/utf8.def) [6]
(/usr/local/texlive/2013/texmf-dist/tex/latex/base/utf8.def)
No file Rd2.ind.
[7] (./Rd2.aux)

Package rerunfilecheck Warning: File `Rd2.out' has changed.
(rerunfilecheck)                Rerun to get outlines right
(rerunfilecheck)                or use package `bookmark'.

 )
(see the transcript file for additional information){/usr/local/texlive/2013/te
xmf-dist/fonts/enc/dvips/base/8r.enc}{/usr/local/texlive/2013/texmf-dist/fonts/
enc/dvips/inconsolata/fi4-ec.enc}</usr/local/texlive/2013/texmf-dist/fonts/type
1/public/inconsolata/Inconsolata.pfb></usr/local/texlive/2013/texmf-dist/fonts/
type1/urw/helvetic/uhvr8a.pfb></usr/local/texlive/2013/texmf-dist/fonts/type1/u
rw/times/utmb8a.pfb></usr/local/texlive/2013/texmf-dist/fonts/type1/urw/times/u
tmr8a.pfb></usr/local/texlive/2013/texmf-dist/fonts/type1/urw/times/utmr8a.pfb>
</usr/local/texlive/2013/texmf-dist/fonts/type1/urw/times/utmri8a.pfb>
Output written on Rd2.pdf (7 pages, 74222 bytes).
Transcript written on Rd2.log.
This is makeindex, version 2.15 [TeX Live 2013] (kpathsea + Thai support).
Scanning input file ./Rd2.idx....done (14 entries accepted, 0 rejected).
Sorting entries....done (50 comparisons).
Generating output file ./Rd2.ind....done (47 lines written, 0 warnings).
Output written in ./Rd2.ind.
Transcript written in ./Rd2.ilg.
This is pdfTeX, Version 3.1415926-2.5-1.40.14 (TeX Live 2013)
 restricted \write18 enabled.
entering extended mode

(/private/var/folders/_g/1rj9klc51d38xw315cpvv4fr0000gn/T/RtmpF3G4Xf/Rd2pdf5313
76a36ffb/Rd2.tex
LaTeX2e <2011/06/27>
Babel <3.9f> and hyphenation patterns for 78 languages loaded.

(/usr/local/texlive/2013/texmf-dist/tex/latex/base/book.cls
Document Class: book 2007/10/19 v1.4h Standard LaTeX document class
(/usr/local/texlive/2013/texmf-dist/tex/latex/base/bk10.clo))
(/Library/Frameworks/R.framework/Resources/share/texmf/tex/latex/Rd.sty
(/usr/local/texlive/2013/texmf-dist/tex/latex/base/ifthen.sty)
(/usr/local/texlive/2013/texmf-dist/tex/latex/tools/longtable.sty)
(/usr/local/texlive/2013/texmf-dist/tex/latex/tools/bm.sty)
(/usr/local/texlive/2013/texmf-dist/tex/latex/base/alltt.sty)
(/usr/local/texlive/2013/texmf-dist/tex/latex/tools/verbatim.sty)
(/usr/local/texlive/2013/texmf-dist/tex/latex/url/url.sty)
(/usr/local/texlive/2013/texmf-dist/tex/latex/base/textcomp.sty
(/usr/local/texlive/2013/texmf-dist/tex/latex/base/ts1enc.def))
(/usr/local/texlive/2013/texmf-dist/tex/latex/base/fontenc.sty
(/usr/local/texlive/2013/texmf-dist/tex/latex/base/t1enc.def))
(/usr/local/texlive/2013/texmf-dist/tex/latex/psnfss/times.sty)
(/usr/local/texlive/2013/texmf-dist/tex/latex/inconsolata/inconsolata.sty
(/usr/local/texlive/2013/texmf-dist/tex/latex/graphics/keyval.sty))
(/usr/local/texlive/2013/texmf-dist/tex/latex/graphics/color.sty
(/usr/local/texlive/2013/texmf-dist/tex/latex/latexconfig/color.cfg)
(/usr/local/texlive/2013/texmf-dist/tex/latex/pdftex-def/pdftex.def
(/usr/local/texlive/2013/texmf-dist/tex/generic/oberdiek/infwarerr.sty)
(/usr/local/texlive/2013/texmf-dist/tex/generic/oberdiek/ltxcmds.sty)))
(/usr/local/texlive/2013/texmf-dist/tex/latex/hyperref/hyperref.sty
(/usr/local/texlive/2013/texmf-dist/tex/generic/oberdiek/hobsub-hyperref.sty
(/usr/local/texlive/2013/texmf-dist/tex/generic/oberdiek/hobsub-generic.sty))
(/usr/local/texlive/2013/texmf-dist/tex/generic/ifxetex/ifxetex.sty)
(/usr/local/texlive/2013/texmf-dist/tex/latex/oberdiek/auxhook.sty)
(/usr/local/texlive/2013/texmf-dist/tex/latex/oberdiek/kvoptions.sty)
(/usr/local/texlive/2013/texmf-dist/tex/latex/hyperref/pd1enc.def)
(/usr/local/texlive/2013/texmf-dist/tex/latex/latexconfig/hyperref.cfg))

Package hyperref Message: Driver (autodetected): hpdftex.

(/usr/local/texlive/2013/texmf-dist/tex/latex/hyperref/hpdftex.def
(/usr/local/texlive/2013/texmf-dist/tex/latex/oberdiek/rerunfilecheck.sty))

Package hyperref Warning: Option `hyperindex' has already been used,
(hyperref)                setting the option has no effect on input line 361.


Package hyperref Warning: Option `pagebackref' has already been used,
(hyperref)                setting the option has no effect on input line 361.

) (/usr/local/texlive/2013/texmf-dist/tex/latex/base/makeidx.sty)
(/usr/local/texlive/2013/texmf-dist/tex/latex/base/inputenc.sty
(/usr/local/texlive/2013/texmf-dist/tex/latex/base/utf8.def
(/usr/local/texlive/2013/texmf-dist/tex/latex/base/t1enc.dfu)
(/usr/local/texlive/2013/texmf-dist/tex/latex/base/ot1enc.dfu)
(/usr/local/texlive/2013/texmf-dist/tex/latex/base/omsenc.dfu)
(/usr/local/texlive/2013/texmf-dist/tex/latex/base/ts1enc.dfu))
(/usr/local/texlive/2013/texmf-dist/tex/latex/base/latin1.def))
Writing index file Rd2.idx
(./Rd2.aux) (/usr/local/texlive/2013/texmf-dist/tex/latex/base/ts1cmr.fd)
(/usr/local/texlive/2013/texmf-dist/tex/latex/psnfss/t1ptm.fd)
(/usr/local/texlive/2013/texmf-dist/tex/context/base/supp-pdf.mkii
[Loading MPS to PDF converter (version 2006.09.02).]
) (/usr/local/texlive/2013/texmf-dist/tex/latex/hyperref/nameref.sty
(/usr/local/texlive/2013/texmf-dist/tex/generic/oberdiek/gettitlestring.sty))
(./Rd2.out) (./Rd2.out)
(/usr/local/texlive/2013/texmf-dist/tex/latex/inconsolata/t1fi4.fd)
(/usr/local/texlive/2013/texmf-dist/tex/latex/psnfss/t1phv.fd) (./Rd2.toc)
(/usr/local/texlive/2013/texmf-dist/tex/latex/base/utf8.def) [1{/usr/local/texl
ive/2013/texmf-var/fonts/map/pdftex/updmap/pdftex.map}]
(/usr/local/texlive/2013/texmf-dist/tex/latex/base/utf8.def)
(/usr/local/texlive/2013/texmf-dist/tex/latex/psnfss/ts1ptm.fd)
(/usr/local/texlive/2013/texmf-dist/tex/latex/base/utf8.def) [2]
Overfull \hbox (16.45854pt too wide) in paragraph at lines 104--106
[]\T1/ptm/m/n/10 a char-ac-ter vec-tor con-tain-ing one or more taxa, with-out 
au-thors see [][]\T1/fi4/m/n/10 remove.authors[][][]

Overfull \hbox (9.09712pt too wide) in paragraph at lines 122--127
\T1/ptm/m/n/10 tific.name", "ac-cepted.name", "fam-ily", "genus", "spe-cific.ep
iteth", "in-fra.epiteth",
(/usr/local/texlive/2013/texmf-dist/tex/latex/base/utf8.def) [3]
(/usr/local/texlive/2013/texmf-dist/tex/latex/base/utf8.def) [4]
(/usr/local/texlive/2013/texmf-dist/tex/latex/base/utf8.def)
(/usr/local/texlive/2013/texmf-dist/tex/latex/base/utf8.def)
(/usr/local/texlive/2013/texmf-dist/tex/latex/base/utf8.def) [5]
(/usr/local/texlive/2013/texmf-dist/tex/latex/base/utf8.def)
Overfull \hbox (0.61818pt too wide) in paragraph at lines 314--317
[]\T1/ptm/m/n/10 a nu-meric value in-di-cat-ing how con-ser-va-tive the func-ti
on should be when search-
[6] (/usr/local/texlive/2013/texmf-dist/tex/latex/base/utf8.def)
(/usr/local/texlive/2013/texmf-dist/tex/latex/base/utf8.def) [7] (./Rd2.ind
[8]

LaTeX Font Warning: Font shape `T1/fi4/m/it' undefined
(Font)              using `T1/fi4/m/n' instead on input line 10.

[9]) (./Rd2.aux)

Package rerunfilecheck Warning: File `Rd2.out' has changed.
(rerunfilecheck)                Rerun to get outlines right
(rerunfilecheck)                or use package `bookmark'.


LaTeX Font Warning: Some font shapes were not available, defaults substituted.

 )
(see the transcript file for additional information){/usr/local/texlive/2013/te
xmf-dist/fonts/enc/dvips/base/8r.enc}{/usr/local/texlive/2013/texmf-dist/fonts/
enc/dvips/inconsolata/fi4-ec.enc}</usr/local/texlive/2013/texmf-dist/fonts/type
1/public/inconsolata/Inconsolata.pfb></usr/local/texlive/2013/texmf-dist/fonts/
type1/public/amsfonts/cm/cmsy10.pfb></usr/local/texlive/2013/texmf-dist/fonts/t
ype1/urw/helvetic/uhvr8a.pfb></usr/local/texlive/2013/texmf-dist/fonts/type1/ur
w/times/utmb8a.pfb></usr/local/texlive/2013/texmf-dist/fonts/type1/urw/times/ut
mr8a.pfb></usr/local/texlive/2013/texmf-dist/fonts/type1/urw/times/utmr8a.pfb><
/usr/local/texlive/2013/texmf-dist/fonts/type1/urw/times/utmri8a.pfb>
Output written on Rd2.pdf (9 pages, 85071 bytes).
Transcript written on Rd2.log.
This is makeindex, version 2.15 [TeX Live 2013] (kpathsea + Thai support).
Scanning input file ./Rd2.idx....done (14 entries accepted, 0 rejected).
Sorting entries....done (50 comparisons).
Generating output file ./Rd2.ind....done (47 lines written, 0 warnings).
Output written in ./Rd2.ind.
Transcript written in ./Rd2.ilg.
This is pdfTeX, Version 3.1415926-2.5-1.40.14 (TeX Live 2013)
 restricted \write18 enabled.
entering extended mode

(/private/var/folders/_g/1rj9klc51d38xw315cpvv4fr0000gn/T/RtmpF3G4Xf/Rd2pdf5313
76a36ffb/Rd2.tex
LaTeX2e <2011/06/27>
Babel <3.9f> and hyphenation patterns for 78 languages loaded.

(/usr/local/texlive/2013/texmf-dist/tex/latex/base/book.cls
Document Class: book 2007/10/19 v1.4h Standard LaTeX document class
(/usr/local/texlive/2013/texmf-dist/tex/latex/base/bk10.clo))
(/Library/Frameworks/R.framework/Resources/share/texmf/tex/latex/Rd.sty
(/usr/local/texlive/2013/texmf-dist/tex/latex/base/ifthen.sty)
(/usr/local/texlive/2013/texmf-dist/tex/latex/tools/longtable.sty)
(/usr/local/texlive/2013/texmf-dist/tex/latex/tools/bm.sty)
(/usr/local/texlive/2013/texmf-dist/tex/latex/base/alltt.sty)
(/usr/local/texlive/2013/texmf-dist/tex/latex/tools/verbatim.sty)
(/usr/local/texlive/2013/texmf-dist/tex/latex/url/url.sty)
(/usr/local/texlive/2013/texmf-dist/tex/latex/base/textcomp.sty
(/usr/local/texlive/2013/texmf-dist/tex/latex/base/ts1enc.def))
(/usr/local/texlive/2013/texmf-dist/tex/latex/base/fontenc.sty
(/usr/local/texlive/2013/texmf-dist/tex/latex/base/t1enc.def))
(/usr/local/texlive/2013/texmf-dist/tex/latex/psnfss/times.sty)
(/usr/local/texlive/2013/texmf-dist/tex/latex/inconsolata/inconsolata.sty
(/usr/local/texlive/2013/texmf-dist/tex/latex/graphics/keyval.sty))
(/usr/local/texlive/2013/texmf-dist/tex/latex/graphics/color.sty
(/usr/local/texlive/2013/texmf-dist/tex/latex/latexconfig/color.cfg)
(/usr/local/texlive/2013/texmf-dist/tex/latex/pdftex-def/pdftex.def
(/usr/local/texlive/2013/texmf-dist/tex/generic/oberdiek/infwarerr.sty)
(/usr/local/texlive/2013/texmf-dist/tex/generic/oberdiek/ltxcmds.sty)))
(/usr/local/texlive/2013/texmf-dist/tex/latex/hyperref/hyperref.sty
(/usr/local/texlive/2013/texmf-dist/tex/generic/oberdiek/hobsub-hyperref.sty
(/usr/local/texlive/2013/texmf-dist/tex/generic/oberdiek/hobsub-generic.sty))
(/usr/local/texlive/2013/texmf-dist/tex/generic/ifxetex/ifxetex.sty)
(/usr/local/texlive/2013/texmf-dist/tex/latex/oberdiek/auxhook.sty)
(/usr/local/texlive/2013/texmf-dist/tex/latex/oberdiek/kvoptions.sty)
(/usr/local/texlive/2013/texmf-dist/tex/latex/hyperref/pd1enc.def)
(/usr/local/texlive/2013/texmf-dist/tex/latex/latexconfig/hyperref.cfg))

Package hyperref Message: Driver (autodetected): hpdftex.

(/usr/local/texlive/2013/texmf-dist/tex/latex/hyperref/hpdftex.def
(/usr/local/texlive/2013/texmf-dist/tex/latex/oberdiek/rerunfilecheck.sty))

Package hyperref Warning: Option `hyperindex' has already been used,
(hyperref)                setting the option has no effect on input line 361.


Package hyperref Warning: Option `pagebackref' has already been used,
(hyperref)                setting the option has no effect on input line 361.

) (/usr/local/texlive/2013/texmf-dist/tex/latex/base/makeidx.sty)
(/usr/local/texlive/2013/texmf-dist/tex/latex/base/inputenc.sty
(/usr/local/texlive/2013/texmf-dist/tex/latex/base/utf8.def
(/usr/local/texlive/2013/texmf-dist/tex/latex/base/t1enc.dfu)
(/usr/local/texlive/2013/texmf-dist/tex/latex/base/ot1enc.dfu)
(/usr/local/texlive/2013/texmf-dist/tex/latex/base/omsenc.dfu)
(/usr/local/texlive/2013/texmf-dist/tex/latex/base/ts1enc.dfu))
(/usr/local/texlive/2013/texmf-dist/tex/latex/base/latin1.def))
Writing index file Rd2.idx
(./Rd2.aux) (/usr/local/texlive/2013/texmf-dist/tex/latex/base/ts1cmr.fd)
(/usr/local/texlive/2013/texmf-dist/tex/latex/psnfss/t1ptm.fd)
(/usr/local/texlive/2013/texmf-dist/tex/context/base/supp-pdf.mkii
[Loading MPS to PDF converter (version 2006.09.02).]
) (/usr/local/texlive/2013/texmf-dist/tex/latex/hyperref/nameref.sty
(/usr/local/texlive/2013/texmf-dist/tex/generic/oberdiek/gettitlestring.sty))
(./Rd2.out) (./Rd2.out)
(/usr/local/texlive/2013/texmf-dist/tex/latex/inconsolata/t1fi4.fd)
(/usr/local/texlive/2013/texmf-dist/tex/latex/psnfss/t1phv.fd) (./Rd2.toc)
(/usr/local/texlive/2013/texmf-dist/tex/latex/base/utf8.def) [1{/usr/local/texl
ive/2013/texmf-var/fonts/map/pdftex/updmap/pdftex.map}]
(/usr/local/texlive/2013/texmf-dist/tex/latex/base/utf8.def)
(/usr/local/texlive/2013/texmf-dist/tex/latex/psnfss/ts1ptm.fd)
(/usr/local/texlive/2013/texmf-dist/tex/latex/base/utf8.def) [2]
Overfull \hbox (16.45854pt too wide) in paragraph at lines 104--106
[]\T1/ptm/m/n/10 a char-ac-ter vec-tor con-tain-ing one or more taxa, with-out 
au-thors see [][]\T1/fi4/m/n/10 remove.authors[][][]

Overfull \hbox (9.09712pt too wide) in paragraph at lines 122--127
\T1/ptm/m/n/10 tific.name", "ac-cepted.name", "fam-ily", "genus", "spe-cific.ep
iteth", "in-fra.epiteth",
(/usr/local/texlive/2013/texmf-dist/tex/latex/base/utf8.def) [3]
(/usr/local/texlive/2013/texmf-dist/tex/latex/base/utf8.def) [4]
(/usr/local/texlive/2013/texmf-dist/tex/latex/base/utf8.def)
(/usr/local/texlive/2013/texmf-dist/tex/latex/base/utf8.def)
(/usr/local/texlive/2013/texmf-dist/tex/latex/base/utf8.def) [5]
(/usr/local/texlive/2013/texmf-dist/tex/latex/base/utf8.def)
Overfull \hbox (0.61818pt too wide) in paragraph at lines 314--317
[]\T1/ptm/m/n/10 a nu-meric value in-di-cat-ing how con-ser-va-tive the func-ti
on should be when search-
[6] (/usr/local/texlive/2013/texmf-dist/tex/latex/base/utf8.def)
(/usr/local/texlive/2013/texmf-dist/tex/latex/base/utf8.def) [7] (./Rd2.ind
[8]

LaTeX Font Warning: Font shape `T1/fi4/m/it' undefined
(Font)              using `T1/fi4/m/n' instead on input line 10.

[9]) (./Rd2.aux)

LaTeX Font Warning: Some font shapes were not available, defaults substituted.

 )
(see the transcript file for additional information){/usr/local/texlive/2013/te
xmf-dist/fonts/enc/dvips/base/8r.enc}{/usr/local/texlive/2013/texmf-dist/fonts/
enc/dvips/inconsolata/fi4-ec.enc}</usr/local/texlive/2013/texmf-dist/fonts/type
1/public/inconsolata/Inconsolata.pfb></usr/local/texlive/2013/texmf-dist/fonts/
type1/public/amsfonts/cm/cmsy10.pfb></usr/local/texlive/2013/texmf-dist/fonts/t
ype1/urw/helvetic/uhvr8a.pfb></usr/local/texlive/2013/texmf-dist/fonts/type1/ur
w/times/utmb8a.pfb></usr/local/texlive/2013/texmf-dist/fonts/type1/urw/times/ut
mr8a.pfb></usr/local/texlive/2013/texmf-dist/fonts/type1/urw/times/utmr8a.pfb><
/usr/local/texlive/2013/texmf-dist/fonts/type1/urw/times/utmri8a.pfb>
Output written on Rd2.pdf (9 pages, 85309 bytes).
Transcript written on Rd2.log.
Saving output to 'flora-manual.pdf' ...
Done
You may want to clean up by 'rm -rf /var/folders/_g/1rj9klc51d38xw315cpvv4fr0000gn/T//RtmpF3G4Xf/Rd2pdf531376a36ffb'
